#
# A fatal error has been detected by the Java Runtime Environment:
#
#  Internal Error (./src/hotspot/cpu/x86/relocInfo_x86.cpp:153), pid=9744, tid=3860
#  guarantee(which == Assembler::imm_operand) failed: must be immediate operand
#
# JRE version: OpenJDK Runtime Environment (11.0.13) (build 11.0.13+0-b1751.21-8125866)
# Java VM: OpenJDK 64-Bit Server VM (11.0.13+0-b1751.21-8125866, mixed mode, tiered, compressed oops, g1 gc, windows-amd64)
# No core dump will be written. Minidumps are not enabled by default on client versions of Windows
#
# If you would like to submit a bug report, please visit:
#   https://bugreport.java.com/bugreport/crash.jsp
#

---------------  S U M M A R Y ------------

Command Line: --add-opens=java.base/java.util=ALL-UNNAMED --add-opens=java.base/java.lang=ALL-UNNAMED --add-opens=java.base/java.lang.invoke=ALL-UNNAMED --add-opens=java.base/java.util=ALL-UNNAMED --add-opens=java.prefs/java.util.prefs=ALL-UNNAMED --add-opens=java.prefs/java.util.prefs=ALL-UNNAMED --add-opens=java.base/java.nio.charset=ALL-UNNAMED --add-opens=java.base/java.net=ALL-UNNAMED --add-opens=java.base/java.util.concurrent.atomic=ALL-UNNAMED -Xmx2048m -Dfile.encoding=UTF-8 -Duser.country=RU -Duser.language=ru -Duser.variant org.gradle.launcher.daemon.bootstrap.GradleDaemon 7.4

Host: Intel(R) Pentium(R) CPU G630 @ 2.70GHz, 2 cores, 3G,  Windows 10 , 64 bit Build 19041 (10.0.19041.1503)
Time: Wed Dec  7 21:52:06 2022 RTZ 2 (зима) elapsed time: 5938.261652 seconds (0d 1h 38m 58s)

---------------  T H R E A D  ---------------

Current thread (0x000001ab59be7000):  GCTaskThread "GC Thread#1" [stack: 0x00000030f7700000,0x00000030f7800000] [id=3860]

Stack: [0x00000030f7700000,0x00000030f7800000]
[error occurred during error reporting (printing stack bounds), id 0xc0000005, EXCEPTION_ACCESS_VIOLATION (0xc0000005) at pc=0x000001ab42af113d]

Native frames: (J=compiled Java code, j=interpreted, Vv=VM code, C=native code)
V  [jvm.dll+0x6100fa]
V  [jvm.dll+0x747090]
V  [jvm.dll+0x7486ad]
V  [jvm.dll+0x748ce5]
V  [jvm.dll+0x748c9b]
V  [jvm.dll+0x60f224]
V  [jvm.dll+0x60f9b8]
C  [ntdll.dll+0xa20cf]
C  [ntdll.dll+0x51454]
C  [ntdll.dll+0xa0bfe]
C  0x000001ab42af113d


---------------  P R O C E S S  ---------------

Threads class SMR info:
_java_thread_list=0x000001ab60053ee0, length=43, elements={
0x000001ab3d7fd000, 0x000001ab58edd000, 0x000001ab58ee2000, 0x000001ab58efe800,
0x000001ab58f00800, 0x000001ab58f01800, 0x000001ab58f02800, 0x000001ab598c2800,
0x000001ab598e2000, 0x000001ab599d1000, 0x000001ab5abdb800, 0x000001ab5acf8800,
0x000001ab5b2ca800, 0x000001ab5c40a000, 0x000001ab5c40d800, 0x000001ab5c40e000,
0x000001ab5c40b000, 0x000001ab5c40b800, 0x000001ab5c6ba800, 0x000001ab5c6bc000,
0x000001ab5c6b9800, 0x000001ab5c6bb800, 0x000001ab5ba6b800, 0x000001ab5ba70800,
0x000001ab5ba77000, 0x000001ab5c6b8000, 0x000001ab622e8800, 0x000001ab5c6bd000,
0x000001ab622eb000, 0x000001ab65430000, 0x000001ab6542a000, 0x000001ab6542c000,
0x000001ab6542c800, 0x000001ab6542d800, 0x000001ab65429800, 0x000001ab6542e800,
0x000001ab65428800, 0x000001ab6542f000, 0x000001ab65432800, 0x000001ab65434000,
0x000001ab65435000, 0x000001ab65433000, 0x000001ab65430800
}

Java Threads: ( => current thread )
  0x000001ab3d7fd000 JavaThread "main" [_thread_blocked, id=4592, stack(0x00000030f6600000,0x00000030f6700000)]
  0x000001ab58edd000 JavaThread "Reference Handler" daemon [_thread_blocked, id=4496, stack(0x00000030f6d00000,0x00000030f6e00000)]
  0x000001ab58ee2000 JavaThread "Finalizer" daemon [_thread_blocked, id=1868, stack(0x00000030f6e00000,0x00000030f6f00000)]
  0x000001ab58efe800 JavaThread "Signal Dispatcher" daemon [_thread_blocked, id=3636, stack(0x00000030f6f00000,0x00000030f7000000)]
  0x000001ab58f00800 JavaThread "Attach Listener" daemon [_thread_blocked, id=888, stack(0x00000030f7000000,0x00000030f7100000)]
  0x000001ab58f01800 JavaThread "Service Thread" daemon [_thread_blocked, id=6820, stack(0x00000030f7100000,0x00000030f7200000)]
  0x000001ab58f02800 JavaThread "C2 CompilerThread0" daemon [_thread_blocked, id=2440, stack(0x00000030f7200000,0x00000030f7300000)]
  0x000001ab598c2800 JavaThread "C1 CompilerThread0" daemon [_thread_blocked, id=4448, stack(0x00000030f7300000,0x00000030f7400000)]
  0x000001ab598e2000 JavaThread "Sweeper thread" daemon [_thread_blocked, id=6000, stack(0x00000030f7400000,0x00000030f7500000)]
  0x000001ab599d1000 JavaThread "Common-Cleaner" daemon [_thread_blocked, id=6356, stack(0x00000030f7500000,0x00000030f7600000)]
  0x000001ab5abdb800 JavaThread "Daemon health stats" [_thread_blocked, id=4972, stack(0x00000030f7800000,0x00000030f7900000)]
  0x000001ab5acf8800 JavaThread "Incoming local TCP Connector on port 58295" [_thread_in_native, id=9308, stack(0x00000030f7900000,0x00000030f7a00000)]
  0x000001ab5b2ca800 JavaThread "Daemon periodic checks" [_thread_blocked, id=1096, stack(0x00000030f7a00000,0x00000030f7b00000)]
  0x000001ab5c40a000 JavaThread "Cache worker for journal cache (C:\Users\Family\.gradle\caches\journal-1)" [_thread_blocked, id=4696, stack(0x00000030f8200000,0x00000030f8300000)]
  0x000001ab5c40d800 JavaThread "File lock request listener" [_thread_in_native, id=8736, stack(0x00000030f8300000,0x00000030f8400000)]
  0x000001ab5c40e000 JavaThread "Cache worker for file hash cache (C:\Users\Family\.gradle\caches\7.4\fileHashes)" [_thread_blocked, id=7192, stack(0x00000030f8400000,0x00000030f8500000)]
  0x000001ab5c40b000 JavaThread "File watcher server" daemon [_thread_blocked, id=6024, stack(0x00000030f8500000,0x00000030f8600000)]
  0x000001ab5c40b800 JavaThread "File watcher consumer" daemon [_thread_blocked, id=6092, stack(0x00000030f8600000,0x00000030f8700000)]
  0x000001ab5c6ba800 JavaThread "Cache worker for execution history cache (C:\Users\Family\.gradle\caches\7.4\executionHistory)" [_thread_blocked, id=4044, stack(0x00000030f8b00000,0x00000030f8c00000)]
  0x000001ab5c6bc000 JavaThread "jar transforms" [_thread_blocked, id=628, stack(0x00000030f8c00000,0x00000030f8d00000)]
  0x000001ab5c6b9800 JavaThread "Cache worker for file content cache (C:\Users\Family\.gradle\caches\7.4\fileContent)" [_thread_blocked, id=3516, stack(0x00000030f8d00000,0x00000030f8e00000)]
  0x000001ab5c6bb800 JavaThread "jar transforms Thread 2" [_thread_blocked, id=8216, stack(0x00000030f8e00000,0x00000030f8f00000)]
  0x000001ab5ba6b800 JavaThread "Memory manager" [_thread_blocked, id=1288, stack(0x00000030fa500000,0x00000030fa600000)]
  0x000001ab5ba70800 JavaThread "pool-3-thread-1" [_thread_blocked, id=2940, stack(0x00000030fa600000,0x00000030fa700000)]
  0x000001ab5ba77000 JavaThread "Cache worker for Java compile cache (C:\Users\Family\.gradle\caches\7.4\javaCompile)" [_thread_blocked, id=6368, stack(0x00000030fad00000,0x00000030fae00000)]
  0x000001ab5c6b8000 JavaThread "pool-7-thread-1" [_thread_blocked, id=6700, stack(0x00000030fa300000,0x00000030fa400000)]
  0x000001ab622e8800 JavaThread "pool-12-thread-1" [_thread_blocked, id=6520, stack(0x00000030fa400000,0x00000030fa500000)]
  0x000001ab5c6bd000 JavaThread "pool-16-thread-1" [_thread_blocked, id=5364, stack(0x00000030fa700000,0x00000030fa800000)]
  0x000001ab622eb000 JavaThread "pool-20-thread-1" [_thread_blocked, id=5484, stack(0x00000030fa800000,0x00000030fa900000)]
  0x000001ab65430000 JavaThread "ForkJoinPool.commonPool-worker-1" daemon [_thread_blocked, id=1488, stack(0x00000030fb400000,0x00000030fb500000)]
  0x000001ab6542a000 JavaThread "Daemon Thread 6" [_thread_blocked, id=6248, stack(0x00000030f6300000,0x00000030f6400000)]
  0x000001ab6542c000 JavaThread "Handler for socket connection from /127.0.0.1:58295 to /127.0.0.1:59066" [_thread_in_native, id=5336, stack(0x00000030f6400000,0x00000030f6500000)]
  0x000001ab6542c800 JavaThread "Cancel handler" [_thread_blocked, id=9512, stack(0x00000030f6500000,0x00000030f6600000)]
  0x000001ab6542d800 JavaThread "Daemon worker Thread 6" [_thread_blocked, id=9464, stack(0x00000030f7b00000,0x00000030f7c00000)]
  0x000001ab65429800 JavaThread "Asynchronous log dispatcher for DefaultDaemonConnection: socket connection from /127.0.0.1:58295 to /127.0.0.1:59066" [_thread_blocked, id=5628, stack(0x00000030f7c00000,0x00000030f7d00000)]
  0x000001ab6542e800 JavaThread "Stdin handler" [_thread_blocked, id=7348, stack(0x00000030f7d00000,0x00000030f7e00000)]
  0x000001ab65428800 JavaThread "Daemon client event forwarder" [_thread_blocked, id=8848, stack(0x00000030f7e00000,0x00000030f7f00000)]
  0x000001ab6542f000 JavaThread "Cache worker for checksums cache (C:\Users\Family\AndroidStudioProjects\.gradle\7.4\checksums)" [_thread_blocked, id=5952, stack(0x00000030f7f00000,0x00000030f8000000)]
  0x000001ab65432800 JavaThread "Cache worker for cache directory md-rule (C:\Users\Family\.gradle\caches\7.4\md-rule)" [_thread_blocked, id=1352, stack(0x00000030f8000000,0x00000030f8100000)]
  0x000001ab65434000 JavaThread "Cache worker for file hash cache (C:\Users\Family\AndroidStudioProjects\.gradle\7.4\fileHashes)" [_thread_blocked, id=8036, stack(0x00000030f8100000,0x00000030f8200000)]
  0x000001ab65435000 JavaThread "Cache worker for cache directory md-supplier (C:\Users\Family\.gradle\caches\7.4\md-supplier)" [_thread_blocked, id=7284, stack(0x00000030f8700000,0x00000030f8800000)]
  0x000001ab65433000 JavaThread "Cache worker for dependencies-accessors (C:\Users\Family\AndroidStudioProjects\.gradle\7.4\dependencies-accessors)" [_thread_blocked, id=6140, stack(0x00000030f8800000,0x00000030f8900000)]
  0x000001ab65430800 JavaThread "Cache worker for Build Output Cleanup Cache (C:\Users\Family\AndroidStudioProjects\.gradle\buildOutputCleanup)" [_thread_blocked, id=8252, stack(0x00000030f8900000,0x00000030f8a00000)]

Other Threads:
  0x000001ab58ed7000 VMThread "VM Thread" [stack: 0x00000030f6c00000,0x00000030f6d00000] [id=1656]
  0x000001ab59a39000 WatcherThread [stack: 0x00000030f7600000,0x00000030f7700000] [id=5772]
  0x000001ab3d816000 GCTaskThread "GC Thread#0" [stack: 0x00000030f6700000,0x00000030f6800000] [id=1632]
=>0x000001ab59be7000 GCTaskThread "GC Thread#1" [stack: 0x00000030f7700000,0x00000030f7800000] [id=3860]
  0x000001ab3d848000 ConcurrentGCThread "G1 Main Marker" [stack: 0x00000030f6800000,0x00000030f6900000] [id=3352]
  0x000001ab3d849000 ConcurrentGCThread "G1 Conc#0" [stack: 0x00000030f6900000,0x00000030f6a00000] [id=8620]
  0x000001ab3d899000 ConcurrentGCThread "G1 Refine#0" [stack: 0x00000030f6a00000,0x00000030f6b00000] [id=6888]
  0x000001ab3d89a000 ConcurrentGCThread "G1 Young RemSet Sampling" [stack: 0x00000030f6b00000,0x00000030f6c00000] [id=8564]

Threads with active compile tasks:
C2 CompilerThread05938332 20783       4       groovy.lang.MetaClassImpl$1MOPIter::methodNameAction (325 bytes)

VM state:at safepoint (normal execution)

VM Mutex/Monitor currently owned by a thread:  ([mutex/lock_event])
[0x000001ab3d7f8e60] Threads_lock - owner thread: 0x000001ab58ed7000
[0x000001ab3d7f95b0] Heap_lock - owner thread: 0x000001ab6542d800

Heap address: 0x0000000080000000, size: 2048 MB, Compressed Oops mode: 32-bit
Narrow klass base: 0x0000000000000000, Narrow klass shift: 3
Compressed class space size: 1073741824 Address: 0x0000000100000000

Heap:
 garbage-first heap   total 165888K, used 91705K [0x0000000080000000, 0x0000000100000000)
  region size 1024K, 8 young (8192K), 1 survivors (1024K)
 Metaspace       used 126832K, capacity 129783K, committed 130768K, reserved 1163264K
  class space    used 15535K, capacity 16723K, committed 17024K, reserved 1048576K
Heap Regions: E=young(eden), S=young(survivor), O=old, HS=humongous(starts), HC=humongous(continues), CS=collection set, F=free, A=archive, TAMS=top-at-mark-start (previous, next)
|   0|0x0000000080000000, 0x0000000080100000, 0x0000000080100000|100%| O|  |TAMS 0x0000000080100000, 0x0000000080000000| Untracked 
|   1|0x0000000080100000, 0x0000000080200000, 0x0000000080200000|100%| O|  |TAMS 0x0000000080200000, 0x0000000080100000| Complete 
|   2|0x0000000080200000, 0x0000000080300000, 0x0000000080300000|100%| O|  |TAMS 0x0000000080300000, 0x0000000080200000| Untracked 
|   3|0x0000000080300000, 0x0000000080400000, 0x0000000080400000|100%| O|  |TAMS 0x0000000080400000, 0x0000000080300000| Untracked 
|   4|0x0000000080400000, 0x0000000080500000, 0x0000000080500000|100%|HS|  |TAMS 0x0000000080500000, 0x0000000080400000| Complete 
|   5|0x0000000080500000, 0x0000000080600000, 0x0000000080600000|100%|HC|  |TAMS 0x0000000080600000, 0x0000000080500000| Complete 
|   6|0x0000000080600000, 0x0000000080700000, 0x0000000080700000|100%|HC|  |TAMS 0x0000000080700000, 0x0000000080600000| Complete 
|   7|0x0000000080700000, 0x0000000080800000, 0x0000000080800000|100%| O|  |TAMS 0x0000000080800000, 0x0000000080700000| Complete 
|   8|0x0000000080800000, 0x0000000080900000, 0x0000000080900000|100%| O|  |TAMS 0x0000000080900000, 0x0000000080800000| Untracked 
|   9|0x0000000080900000, 0x0000000080a00000, 0x0000000080a00000|100%| O|  |TAMS 0x0000000080a00000, 0x0000000080900000| Untracked 
|  10|0x0000000080a00000, 0x0000000080b00000, 0x0000000080b00000|100%| O|  |TAMS 0x0000000080b00000, 0x0000000080a00000| Untracked 
|  11|0x0000000080b00000, 0x0000000080c00000, 0x0000000080c00000|100%| O|  |TAMS 0x0000000080c00000, 0x0000000080b00000| Complete 
|  12|0x0000000080c00000, 0x0000000080d00000, 0x0000000080d00000|100%| O|  |TAMS 0x0000000080d00000, 0x0000000080c00000| Complete 
|  13|0x0000000080d00000, 0x0000000080e00000, 0x0000000080e00000|100%| O|  |TAMS 0x0000000080e00000, 0x0000000080d00000| Untracked 
|  14|0x0000000080e00000, 0x0000000080f00000, 0x0000000080f00000|100%| O|  |TAMS 0x0000000080f00000, 0x0000000080e00000| Untracked 
|  15|0x0000000080f00000, 0x0000000081000000, 0x0000000081000000|100%| O|  |TAMS 0x0000000081000000, 0x0000000080f00000| Complete 
|  16|0x0000000081000000, 0x0000000081100000, 0x0000000081100000|100%| O|  |TAMS 0x0000000081100000, 0x0000000081000000| Complete 
|  17|0x0000000081100000, 0x0000000081200000, 0x0000000081200000|100%| O|  |TAMS 0x0000000081200000, 0x0000000081100000| Complete 
|  18|0x0000000081200000, 0x0000000081300000, 0x0000000081300000|100%| O|  |TAMS 0x0000000081300000, 0x0000000081200000| Complete 
|  19|0x0000000081300000, 0x0000000081400000, 0x0000000081400000|100%| O|  |TAMS 0x0000000081400000, 0x0000000081300000| Complete 
|  20|0x0000000081400000, 0x0000000081500000, 0x0000000081500000|100%| O|  |TAMS 0x0000000081400000, 0x0000000081400000| Untracked 
|  21|0x0000000081500000, 0x0000000081600000, 0x0000000081600000|100%| O|CS|TAMS 0x0000000081600000, 0x0000000081500000| Complete 
|  22|0x0000000081600000, 0x0000000081700000, 0x0000000081700000|100%| O|  |TAMS 0x0000000081700000, 0x0000000081600000| Complete 
|  23|0x0000000081700000, 0x0000000081800000, 0x0000000081800000|100%| O|  |TAMS 0x0000000081800000, 0x0000000081700000| Untracked 
|  24|0x0000000081800000, 0x0000000081900000, 0x0000000081900000|100%| O|  |TAMS 0x0000000081900000, 0x0000000081800000| Complete 
|  25|0x0000000081900000, 0x0000000081a00000, 0x0000000081a00000|100%| O|  |TAMS 0x0000000081a00000, 0x0000000081900000| Complete 
|  26|0x0000000081a00000, 0x0000000081b00000, 0x0000000081b00000|100%| O|  |TAMS 0x0000000081b00000, 0x0000000081a00000| Complete 
|  27|0x0000000081b00000, 0x0000000081c00000, 0x0000000081c00000|100%| O|  |TAMS 0x0000000081b00000, 0x0000000081b00000| Untracked 
|  28|0x0000000081c00000, 0x0000000081d00000, 0x0000000081d00000|100%| O|  |TAMS 0x0000000081c00000, 0x0000000081c00000| Untracked 
|  29|0x0000000081d00000, 0x0000000081e00000, 0x0000000081e00000|100%|HS|  |TAMS 0x0000000081e00000, 0x0000000081d00000| Complete 
|  30|0x0000000081e00000, 0x0000000081f00000, 0x0000000081f00000|100%|HS|  |TAMS 0x0000000081f00000, 0x0000000081e00000| Complete 
|  31|0x0000000081f00000, 0x0000000082000000, 0x0000000082000000|100%| O|  |TAMS 0x0000000082000000, 0x0000000081f00000| Untracked 
|  32|0x0000000082000000, 0x0000000082100000, 0x0000000082100000|100%|HS|  |TAMS 0x0000000082100000, 0x0000000082000000| Complete 
|  33|0x0000000082100000, 0x0000000082200000, 0x0000000082200000|100%|HC|  |TAMS 0x0000000082200000, 0x0000000082100000| Complete 
|  34|0x0000000082200000, 0x0000000082300000, 0x0000000082300000|100%| O|CS|TAMS 0x0000000082300000, 0x0000000082200000| Complete 
|  35|0x0000000082300000, 0x0000000082400000, 0x0000000082400000|100%| O|  |TAMS 0x0000000082400000, 0x0000000082300000| Complete 
|  36|0x0000000082400000, 0x0000000082500000, 0x0000000082500000|100%| O|CS|TAMS 0x0000000082500000, 0x0000000082400000| Complete 
|  37|0x0000000082500000, 0x0000000082600000, 0x0000000082600000|100%| O|CS|TAMS 0x0000000082600000, 0x0000000082500000| Complete 
|  38|0x0000000082600000, 0x0000000082700000, 0x0000000082700000|100%| O|  |TAMS 0x0000000082700000, 0x0000000082600000| Untracked 
|  39|0x0000000082700000, 0x0000000082800000, 0x0000000082800000|100%| O|  |TAMS 0x0000000082800000, 0x0000000082700000| Untracked 
|  40|0x0000000082800000, 0x0000000082900000, 0x0000000082900000|100%| O|  |TAMS 0x0000000082900000, 0x0000000082800000| Untracked 
|  41|0x0000000082900000, 0x0000000082a00000, 0x0000000082a00000|100%| O|  |TAMS 0x0000000082a00000, 0x0000000082900000| Untracked 
|  42|0x0000000082a00000, 0x0000000082b00000, 0x0000000082b00000|100%| O|  |TAMS 0x0000000082a00000, 0x0000000082a00000| Untracked 
|  43|0x0000000082b00000, 0x0000000082c00000, 0x0000000082c00000|100%| O|  |TAMS 0x0000000082c00000, 0x0000000082b00000| Complete 
|  44|0x0000000082c00000, 0x0000000082d00000, 0x0000000082d00000|100%| O|  |TAMS 0x0000000082d00000, 0x0000000082c00000| Complete 
|  45|0x0000000082d00000, 0x0000000082e00000, 0x0000000082e00000|100%| O|  |TAMS 0x0000000082d00000, 0x0000000082d00000| Untracked 
|  46|0x0000000082e00000, 0x0000000082f00000, 0x0000000082f00000|100%| O|  |TAMS 0x0000000082e00000, 0x0000000082e00000| Untracked 
|  47|0x0000000082f00000, 0x0000000083000000, 0x0000000083000000|100%| O|  |TAMS 0x0000000082f00000, 0x0000000082f00000| Untracked 
|  48|0x0000000083000000, 0x0000000083100000, 0x0000000083100000|100%| O|  |TAMS 0x0000000083100000, 0x0000000083000000| Complete 
|  49|0x0000000083100000, 0x0000000083200000, 0x0000000083200000|100%| O|CS|TAMS 0x0000000083200000, 0x0000000083100000| Complete 
|  50|0x0000000083200000, 0x0000000083300000, 0x0000000083300000|100%| O|  |TAMS 0x0000000083300000, 0x0000000083200000| Complete 
|  51|0x0000000083300000, 0x0000000083400000, 0x0000000083400000|100%| O|CS|TAMS 0x0000000083400000, 0x0000000083300000| Complete 
|  52|0x0000000083400000, 0x0000000083500000, 0x0000000083500000|100%| O|  |TAMS 0x0000000083400000, 0x0000000083400000| Untracked 
|  53|0x0000000083500000, 0x0000000083600000, 0x0000000083600000|100%| O|  |TAMS 0x0000000083600000, 0x0000000083500000| Complete 
|  54|0x0000000083600000, 0x0000000083700000, 0x0000000083700000|100%| O|  |TAMS 0x0000000083600000, 0x0000000083600000| Untracked 
|  55|0x0000000083700000, 0x0000000083800000, 0x0000000083800000|100%| O|  |TAMS 0x0000000083700000, 0x0000000083700000| Untracked 
|  56|0x0000000083800000, 0x0000000083800000, 0x0000000083900000|  0%| F|  |TAMS 0x0000000083800000, 0x0000000083800000| Untracked 
|  57|0x0000000083900000, 0x0000000083a00000, 0x0000000083a00000|100%| O|CS|TAMS 0x0000000083a00000, 0x0000000083900000| Complete 
|  58|0x0000000083a00000, 0x0000000083a00000, 0x0000000083b00000|  0%| F|  |TAMS 0x0000000083a00000, 0x0000000083a00000| Untracked 
|  59|0x0000000083b00000, 0x0000000083c00000, 0x0000000083c00000|100%| O|  |TAMS 0x0000000083c00000, 0x0000000083b00000| Complete 
|  60|0x0000000083c00000, 0x0000000083d00000, 0x0000000083d00000|100%| O|  |TAMS 0x0000000083d00000, 0x0000000083c00000| Complete 
|  61|0x0000000083d00000, 0x0000000083e00000, 0x0000000083e00000|100%| O|CS|TAMS 0x0000000083e00000, 0x0000000083d00000| Complete 
|  62|0x0000000083e00000, 0x0000000083f00000, 0x0000000083f00000|100%| O|  |TAMS 0x0000000083f00000, 0x0000000083e00000| Complete 
|  63|0x0000000083f00000, 0x0000000084000000, 0x0000000084000000|100%| O|CS|TAMS 0x0000000084000000, 0x0000000083f00000| Complete 
|  64|0x0000000084000000, 0x0000000084100000, 0x0000000084100000|100%| O|  |TAMS 0x0000000084100000, 0x0000000084000000| Untracked 
|  65|0x0000000084100000, 0x0000000084200000, 0x0000000084200000|100%| O|  |TAMS 0x0000000084200000, 0x0000000084100000| Complete 
|  66|0x0000000084200000, 0x0000000084300000, 0x0000000084300000|100%| O|CS|TAMS 0x0000000084300000, 0x0000000084200000| Complete 
|  67|0x0000000084300000, 0x0000000084400000, 0x0000000084400000|100%| O|  |TAMS 0x0000000084400000, 0x0000000084300000| Complete 
|  68|0x0000000084400000, 0x0000000084500000, 0x0000000084500000|100%| O|  |TAMS 0x0000000084500000, 0x0000000084400000| Complete 
|  69|0x0000000084500000, 0x0000000084600000, 0x0000000084600000|100%| O|  |TAMS 0x0000000084600000, 0x0000000084500000| Untracked 
|  70|0x0000000084600000, 0x0000000084600000, 0x0000000084700000|  0%| F|  |TAMS 0x0000000084600000, 0x0000000084600000| Untracked 
|  71|0x0000000084700000, 0x0000000084700000, 0x0000000084800000|  0%| F|  |TAMS 0x0000000084700000, 0x0000000084700000| Untracked 
|  72|0x0000000084800000, 0x0000000084900000, 0x0000000084900000|100%| O|  |TAMS 0x0000000084900000, 0x0000000084800000| Untracked 
|  73|0x0000000084900000, 0x0000000084a00000, 0x0000000084a00000|100%| O|  |TAMS 0x0000000084a00000, 0x0000000084900000| Complete 
|  74|0x0000000084a00000, 0x0000000084b00000, 0x0000000084b00000|100%| O|  |TAMS 0x0000000084b00000, 0x0000000084a00000| Untracked 
|  75|0x0000000084b00000, 0x0000000084c00000, 0x0000000084c00000|100%| O|  |TAMS 0x0000000084c00000, 0x0000000084b00000| Complete 
|  76|0x0000000084c00000, 0x0000000084c00000, 0x0000000084d00000|  0%| F|  |TAMS 0x0000000084c00000, 0x0000000084c00000| Untracked 
|  77|0x0000000084d00000, 0x0000000084d00000, 0x0000000084e00000|  0%| F|  |TAMS 0x0000000084d00000, 0x0000000084d00000| Untracked 
|  78|0x0000000084e00000, 0x0000000084f00000, 0x0000000084f00000|100%| O|  |TAMS 0x0000000084f00000, 0x0000000084e00000| Untracked 
|  79|0x0000000084f00000, 0x0000000084f00000, 0x0000000085000000|  0%| F|  |TAMS 0x0000000084f00000, 0x0000000084f00000| Untracked 
|  80|0x0000000085000000, 0x0000000085000000, 0x0000000085100000|  0%| F|  |TAMS 0x0000000085000000, 0x0000000085000000| Untracked 
|  81|0x0000000085100000, 0x0000000085200000, 0x0000000085200000|100%| O|  |TAMS 0x0000000085100000, 0x0000000085100000| Untracked 
|  82|0x0000000085200000, 0x0000000085200000, 0x0000000085300000|  0%| F|  |TAMS 0x0000000085200000, 0x0000000085200000| Untracked 
|  83|0x0000000085300000, 0x0000000085400000, 0x0000000085400000|100%| O|  |TAMS 0x0000000085400000, 0x0000000085300000| Complete 
|  84|0x0000000085400000, 0x0000000085500000, 0x0000000085500000|100%| O|  |TAMS 0x0000000085400000, 0x0000000085400000| Untracked 
|  85|0x0000000085500000, 0x0000000085600000, 0x0000000085600000|100%| O|  |TAMS 0x0000000085500000, 0x0000000085500000| Untracked 
|  86|0x0000000085600000, 0x0000000085600000, 0x0000000085700000|  0%| F|  |TAMS 0x0000000085600000, 0x0000000085600000| Untracked 
|  87|0x0000000085700000, 0x0000000085800000, 0x0000000085800000|100%| O|  |TAMS 0x0000000085800000, 0x0000000085700000| Complete 
|  88|0x0000000085800000, 0x0000000085900000, 0x0000000085900000|100%| O|  |TAMS 0x0000000085900000, 0x0000000085800000| Complete 
|  89|0x0000000085900000, 0x0000000085a00000, 0x0000000085a00000|100%| O|  |TAMS 0x0000000085a00000, 0x0000000085900000| Untracked 
|  90|0x0000000085a00000, 0x0000000085b00000, 0x0000000085b00000|100%| O|  |TAMS 0x0000000085b00000, 0x0000000085a00000| Complete 
|  91|0x0000000085b00000, 0x0000000085b00000, 0x0000000085c00000|  0%| F|  |TAMS 0x0000000085b00000, 0x0000000085b00000| Untracked 
|  92|0x0000000085c00000, 0x0000000085d00000, 0x0000000085d00000|100%| O|  |TAMS 0x0000000085c00000, 0x0000000085c00000| Untracked 
|  93|0x0000000085d00000, 0x0000000085e00000, 0x0000000085e00000|100%| O|  |TAMS 0x0000000085d00000, 0x0000000085d00000| Untracked 
|  94|0x0000000085e00000, 0x0000000085e00000, 0x0000000085f00000|  0%| F|  |TAMS 0x0000000085e00000, 0x0000000085e00000| Untracked 
|  95|0x0000000085f00000, 0x0000000085f00000, 0x0000000086000000|  0%| F|  |TAMS 0x0000000085f00000, 0x0000000085f00000| Untracked 
|  96|0x0000000086000000, 0x0000000086000000, 0x0000000086100000|  0%| F|  |TAMS 0x0000000086000000, 0x0000000086000000| Untracked 
|  97|0x0000000086100000, 0x0000000086200000, 0x0000000086200000|100%| O|  |TAMS 0x00000000861f2e00, 0x0000000086100000| Untracked 
|  98|0x0000000086200000, 0x0000000086200000, 0x0000000086300000|  0%| F|  |TAMS 0x0000000086200000, 0x0000000086200000| Untracked 
|  99|0x0000000086300000, 0x0000000086300000, 0x0000000086400000|  0%| F|  |TAMS 0x0000000086300000, 0x0000000086300000| Untracked 
| 100|0x0000000086400000, 0x0000000086400000, 0x0000000086500000|  0%| F|  |TAMS 0x0000000086400000, 0x0000000086400000| Untracked 
| 101|0x0000000086500000, 0x0000000086500000, 0x0000000086600000|  0%| F|  |TAMS 0x0000000086500000, 0x0000000086500000| Untracked 
| 102|0x0000000086600000, 0x0000000086600000, 0x0000000086700000|  0%| F|  |TAMS 0x0000000086600000, 0x0000000086600000| Untracked 
| 103|0x0000000086700000, 0x0000000086700000, 0x0000000086800000|  0%| F|  |TAMS 0x0000000086700000, 0x0000000086700000| Untracked 
| 104|0x0000000086800000, 0x0000000086800000, 0x0000000086900000|  0%| F|  |TAMS 0x0000000086800000, 0x0000000086800000| Untracked 
| 105|0x0000000086900000, 0x0000000086900000, 0x0000000086a00000|  0%| F|  |TAMS 0x0000000086900000, 0x0000000086900000| Untracked 
| 106|0x0000000086a00000, 0x0000000086a00000, 0x0000000086b00000|  0%| F|  |TAMS 0x0000000086a00000, 0x0000000086a00000| Untracked 
| 107|0x0000000086b00000, 0x0000000086b00000, 0x0000000086c00000|  0%| F|  |TAMS 0x0000000086b00000, 0x0000000086b00000| Untracked 
| 108|0x0000000086c00000, 0x0000000086c00000, 0x0000000086d00000|  0%| F|  |TAMS 0x0000000086c00000, 0x0000000086c00000| Untracked 
| 109|0x0000000086d00000, 0x0000000086d00000, 0x0000000086e00000|  0%| F|  |TAMS 0x0000000086d00000, 0x0000000086d00000| Untracked 
| 110|0x0000000086e00000, 0x0000000086e00000, 0x0000000086f00000|  0%| F|  |TAMS 0x0000000086e00000, 0x0000000086e00000| Untracked 
| 111|0x0000000086f00000, 0x0000000086f00000, 0x0000000087000000|  0%| F|  |TAMS 0x0000000086f00000, 0x0000000086f00000| Untracked 
| 112|0x0000000087000000, 0x0000000087100000, 0x0000000087100000|100%| O|  |TAMS 0x0000000087100000, 0x0000000087000000| Complete 
| 113|0x0000000087100000, 0x0000000087200000, 0x0000000087200000|100%| O|  |TAMS 0x0000000087200000, 0x0000000087100000| Complete 
| 114|0x0000000087200000, 0x0000000087300000, 0x0000000087300000|100%| O|  |TAMS 0x0000000087300000, 0x0000000087200000| Untracked 
| 115|0x0000000087300000, 0x0000000087400000, 0x0000000087400000|100%| O|  |TAMS 0x0000000087400000, 0x0000000087300000| Untracked 
| 116|0x0000000087400000, 0x0000000087500000, 0x0000000087500000|100%| O|  |TAMS 0x0000000087500000, 0x0000000087400000| Complete 
| 117|0x0000000087500000, 0x0000000087500000, 0x0000000087600000|  0%| F|  |TAMS 0x0000000087500000, 0x0000000087500000| Untracked 
| 118|0x0000000087600000, 0x0000000087600000, 0x0000000087700000|  0%| F|  |TAMS 0x0000000087600000, 0x0000000087600000| Untracked 
| 119|0x0000000087700000, 0x0000000087700000, 0x0000000087800000|  0%| F|  |TAMS 0x0000000087700000, 0x0000000087700000| Untracked 
| 120|0x0000000087800000, 0x0000000087800000, 0x0000000087900000|  0%| F|  |TAMS 0x0000000087800000, 0x0000000087800000| Untracked 
| 121|0x0000000087900000, 0x0000000087900000, 0x0000000087a00000|  0%| F|  |TAMS 0x0000000087900000, 0x0000000087900000| Untracked 
| 122|0x0000000087a00000, 0x0000000087a00000, 0x0000000087b00000|  0%| F|  |TAMS 0x0000000087a00000, 0x0000000087a00000| Untracked 
| 123|0x0000000087b00000, 0x0000000087b00000, 0x0000000087c00000|  0%| F|  |TAMS 0x0000000087b00000, 0x0000000087b00000| Untracked 
| 124|0x0000000087c00000, 0x0000000087c00000, 0x0000000087d00000|  0%| F|  |TAMS 0x0000000087c00000, 0x0000000087c00000| Untracked 
| 125|0x0000000087d00000, 0x0000000087d00000, 0x0000000087e00000|  0%| F|  |TAMS 0x0000000087d00000, 0x0000000087d00000| Untracked 
| 126|0x0000000087e00000, 0x0000000087e00000, 0x0000000087f00000|  0%| F|  |TAMS 0x0000000087e00000, 0x0000000087e00000| Untracked 
| 127|0x0000000087f00000, 0x0000000087f00000, 0x0000000088000000|  0%| F|  |TAMS 0x0000000087f00000, 0x0000000087f00000| Untracked 
| 128|0x0000000088000000, 0x0000000088000000, 0x0000000088100000|  0%| F|  |TAMS 0x0000000088000000, 0x0000000088000000| Untracked 
| 129|0x0000000088100000, 0x0000000088100000, 0x0000000088200000|  0%| F|  |TAMS 0x0000000088100000, 0x0000000088100000| Untracked 
| 130|0x0000000088200000, 0x0000000088200000, 0x0000000088300000|  0%| F|  |TAMS 0x0000000088200000, 0x0000000088200000| Untracked 
| 131|0x0000000088300000, 0x0000000088300000, 0x0000000088400000|  0%| F|  |TAMS 0x0000000088300000, 0x0000000088300000| Untracked 
| 132|0x0000000088400000, 0x0000000088400000, 0x0000000088500000|  0%| F|  |TAMS 0x0000000088400000, 0x0000000088400000| Untracked 
| 133|0x0000000088500000, 0x0000000088500000, 0x0000000088600000|  0%| F|  |TAMS 0x0000000088500000, 0x0000000088500000| Untracked 
| 134|0x0000000088600000, 0x0000000088600000, 0x0000000088700000|  0%| F|  |TAMS 0x0000000088600000, 0x0000000088600000| Untracked 
| 135|0x0000000088700000, 0x0000000088700000, 0x0000000088800000|  0%| F|  |TAMS 0x0000000088700000, 0x0000000088700000| Untracked 
| 136|0x0000000088800000, 0x0000000088800000, 0x0000000088900000|  0%| F|  |TAMS 0x0000000088800000, 0x0000000088800000| Untracked 
| 137|0x0000000088900000, 0x0000000088900000, 0x0000000088a00000|  0%| F|  |TAMS 0x0000000088900000, 0x0000000088900000| Untracked 
| 138|0x0000000088a00000, 0x0000000088a00000, 0x0000000088b00000|  0%| F|  |TAMS 0x0000000088a00000, 0x0000000088a00000| Untracked 
| 139|0x0000000088b00000, 0x0000000088b00000, 0x0000000088c00000|  0%| F|  |TAMS 0x0000000088b00000, 0x0000000088b00000| Untracked 
| 140|0x0000000088c00000, 0x0000000088c00000, 0x0000000088d00000|  0%| F|  |TAMS 0x0000000088c00000, 0x0000000088c00000| Untracked 
| 141|0x0000000088d00000, 0x0000000088d00000, 0x0000000088e00000|  0%| F|  |TAMS 0x0000000088d00000, 0x0000000088d00000| Untracked 
| 142|0x0000000088e00000, 0x0000000088e00000, 0x0000000088f00000|  0%| F|  |TAMS 0x0000000088e00000, 0x0000000088e00000| Untracked 
| 143|0x0000000088f00000, 0x0000000088f00000, 0x0000000089000000|  0%| F|  |TAMS 0x0000000088f00000, 0x0000000088f00000| Untracked 
| 144|0x0000000089000000, 0x0000000089000000, 0x0000000089100000|  0%| F|  |TAMS 0x0000000089000000, 0x0000000089000000| Untracked 
| 145|0x0000000089100000, 0x0000000089100000, 0x0000000089200000|  0%| F|  |TAMS 0x0000000089100000, 0x0000000089100000| Untracked 
| 146|0x0000000089200000, 0x0000000089200000, 0x0000000089300000|  0%| F|  |TAMS 0x0000000089200000, 0x0000000089200000| Untracked 
| 147|0x0000000089300000, 0x0000000089300000, 0x0000000089400000|  0%| F|  |TAMS 0x0000000089300000, 0x0000000089300000| Untracked 
| 148|0x0000000089400000, 0x0000000089400000, 0x0000000089500000|  0%| F|  |TAMS 0x0000000089400000, 0x0000000089400000| Untracked 
| 149|0x0000000089500000, 0x0000000089500000, 0x0000000089600000|  0%| F|  |TAMS 0x0000000089500000, 0x0000000089500000| Untracked 
| 150|0x0000000089600000, 0x0000000089600000, 0x0000000089700000|  0%| F|  |TAMS 0x0000000089600000, 0x0000000089600000| Untracked 
| 151|0x0000000089700000, 0x0000000089700000, 0x0000000089800000|  0%| F|  |TAMS 0x0000000089700000, 0x0000000089700000| Untracked 
| 152|0x0000000089800000, 0x0000000089800000, 0x0000000089900000|  0%| F|  |TAMS 0x0000000089800000, 0x0000000089800000| Untracked 
| 153|0x0000000089900000, 0x0000000089a00000, 0x0000000089a00000|100%| S|  |TAMS 0x0000000089900000, 0x0000000089900000| Complete 
| 154|0x0000000089a00000, 0x0000000089aa6cc0, 0x0000000089b00000| 65%| E|CS|TAMS 0x0000000089a00000, 0x0000000089a00000| Complete 
| 155|0x0000000089b00000, 0x0000000089c00000, 0x0000000089c00000|100%| E|CS|TAMS 0x0000000089b00000, 0x0000000089b00000| Complete 
| 156|0x0000000089c00000, 0x0000000089d00000, 0x0000000089d00000|100%| E|CS|TAMS 0x0000000089c00000, 0x0000000089c00000| Complete 
| 157|0x0000000089d00000, 0x0000000089e00000, 0x0000000089e00000|100%| E|CS|TAMS 0x0000000089d00000, 0x0000000089d00000| Complete 
| 158|0x0000000089e00000, 0x0000000089f00000, 0x0000000089f00000|100%| E|CS|TAMS 0x0000000089e00000, 0x0000000089e00000| Complete 
| 159|0x0000000089f00000, 0x000000008a000000, 0x000000008a000000|100%| E|CS|TAMS 0x0000000089f00000, 0x0000000089f00000| Complete 
| 160|0x000000008a000000, 0x000000008a100000, 0x000000008a100000|100%| E|CS|TAMS 0x000000008a000000, 0x000000008a000000| Complete 
| 161|0x000000008a100000, 0x000000008a200000, 0x000000008a200000|100%| E|CS|TAMS 0x000000008a100000, 0x000000008a100000| Complete 

Card table byte_map: [0x000001ab52300000,0x000001ab52700000] _byte_map_base: 0x000001ab51f00000

Marking Bits (Prev, Next): (CMBitMap*) 0x000001ab3d83f450, (CMBitMap*) 0x000001ab3d83f418
 Prev Bits: [0x000001ab54b00000, 0x000001ab56b00000)
 Next Bits: [0x000001ab52b00000, 0x000001ab54b00000)

Polling page: 0x000001ab3d8e0000

Metaspace:

Usage:
  Non-class:    110.41 MB capacity,   108.69 MB ( 98%) used,     1.34 MB (  1%) free+waste,   395.44 KB ( <1%) overhead. 
      Class:     16.33 MB capacity,    15.17 MB ( 93%) used,  1016.09 KB (  6%) free+waste,   171.38 KB (  1%) overhead. 
       Both:    126.74 MB capacity,   123.86 MB ( 98%) used,     2.33 MB (  2%) free+waste,   566.81 KB ( <1%) overhead. 

Virtual space:
  Non-class space:      112.00 MB reserved,     111.08 MB (>99%) committed 
      Class space:        1.00 GB reserved,      16.63 MB (  2%) committed 
             Both:        1.11 GB reserved,     127.70 MB ( 11%) committed 

Chunk freelists:
   Non-Class:  684.00 KB
       Class:  212.00 KB
        Both:  896.00 KB

MaxMetaspaceSize: 17179869184.00 GB
CompressedClassSpaceSize: 1.00 GB
Initial GC threshold: 20.80 MB
Current GC threshold: 212.84 MB
CDS: off

CodeHeap 'non-profiled nmethods': size=120064Kb used=11799Kb max_used=11799Kb free=108264Kb
 bounds [0x000001ab4a5b0000, 0x000001ab4b140000, 0x000001ab51af0000]
CodeHeap 'profiled nmethods': size=120000Kb used=43574Kb max_used=43574Kb free=76425Kb
 bounds [0x000001ab43080000, 0x000001ab45b20000, 0x000001ab4a5b0000]
CodeHeap 'non-nmethods': size=5696Kb used=2446Kb max_used=2495Kb free=3249Kb
 bounds [0x000001ab42af0000, 0x000001ab42d80000, 0x000001ab43080000]
 total_blobs=20817 nmethods=19837 adapters=891
 compilation: enabled
              stopped_count=0, restarted_count=0
 full_count=0

Compilation events (20 events):
Event: 5938.029 Thread 0x000001ab598c2800 20834       3       java.lang.invoke.LambdaFormBuffer::insertName (106 bytes)
Event: 5938.030 Thread 0x000001ab598c2800 nmethod 20834 0x000001ab45b08f10 code [0x000001ab45b090e0, 0x000001ab45b092f8]
Event: 5938.041 Thread 0x000001ab598c2800 20835       3       java.lang.invoke.LambdaFormBuffer::growNames (281 bytes)
Event: 5938.042 Thread 0x000001ab598c2800 nmethod 20835 0x000001ab45b09410 code [0x000001ab45b096c0, 0x000001ab45b0a718]
Event: 5938.042 Thread 0x000001ab598c2800 20836       3       java.lang.invoke.InvokerBytecodeGenerator::<init> (108 bytes)
Event: 5938.043 Thread 0x000001ab598c2800 nmethod 20836 0x000001ab45b0ac90 code [0x000001ab45b0af00, 0x000001ab45b0ba18]
Event: 5938.138 Thread 0x000001ab598c2800 20837       3       java.lang.invoke.InvokerBytecodeGenerator::emitReturnInsn (126 bytes)
Event: 5938.140 Thread 0x000001ab598c2800 nmethod 20837 0x000001ab45b0bd90 code [0x000001ab45b0c040, 0x000001ab45b0cca8]
Event: 5938.141 Thread 0x000001ab598c2800 20838       3       java.lang.invoke.LambdaFormBuffer::clearDuplicatesAndNulls (268 bytes)
Event: 5938.142 Thread 0x000001ab598c2800 nmethod 20838 0x000001ab45b0d090 code [0x000001ab45b0d340, 0x000001ab45b0e3b8]
Event: 5938.146 Thread 0x000001ab598c2800 20839       3       java.lang.invoke.LambdaFormBuffer::replaceName (124 bytes)
Event: 5938.147 Thread 0x000001ab598c2800 nmethod 20839 0x000001ab45b0e890 code [0x000001ab45b0ea60, 0x000001ab45b0ec08]
Event: 5938.149 Thread 0x000001ab598c2800 20840       3       java.lang.invoke.LambdaFormBuffer::insertExpression (30 bytes)
Event: 5938.149 Thread 0x000001ab598c2800 nmethod 20840 0x000001ab45b0ed10 code [0x000001ab45b0eec0, 0x000001ab45b0f008]
Event: 5938.155 Thread 0x000001ab598c2800 20841       1       org.gradle.internal.component.local.model.DefaultLocalComponentMetadata::access$1700 (5 bytes)
Event: 5938.155 Thread 0x000001ab598c2800 nmethod 20841 0x000001ab4b135b90 code [0x000001ab4b135d40, 0x000001ab4b135dd8]
Event: 5938.159 Thread 0x000001ab598c2800 20842       3       org.gradle.internal.resource.ExternalResourceName::<init> (20 bytes)
Event: 5938.160 Thread 0x000001ab598c2800 nmethod 20842 0x000001ab45b0f090 code [0x000001ab45b0f240, 0x000001ab45b0f4b8]
Event: 5938.160 Thread 0x000001ab598c2800 20843       3       org.gradle.api.internal.artifacts.repositories.resolver.AbstractResourcePattern::<init> (117 bytes)
Event: 5938.160 Thread 0x000001ab598c2800 nmethod 20843 0x000001ab45b0f590 code [0x000001ab45b0f840, 0x000001ab45b10958]

GC Heap History (20 events):
Event: 1731.683 GC heap after
{Heap after GC invocations=76 (full 0):
 garbage-first heap   total 165888K, used 94208K [0x0000000080000000, 0x0000000100000000)
  region size 1024K, 1 young (1024K), 1 survivors (1024K)
 Metaspace       used 126855K, capacity 130257K, committed 130512K, reserved 1163264K
  class space    used 15643K, capacity 16931K, committed 17024K, reserved 1048576K
}
Event: 1732.906 GC heap before
{Heap before GC invocations=76 (full 0):
 garbage-first heap   total 165888K, used 122880K [0x0000000080000000, 0x0000000100000000)
  region size 1024K, 30 young (30720K), 1 survivors (1024K)
 Metaspace       used 126981K, capacity 130259K, committed 130512K, reserved 1163264K
  class space    used 15644K, capacity 16931K, committed 17024K, reserved 1048576K
}
Event: 1732.935 GC heap after
{Heap after GC invocations=77 (full 0):
 garbage-first heap   total 165888K, used 98614K [0x0000000080000000, 0x0000000100000000)
  region size 1024K, 4 young (4096K), 4 survivors (4096K)
 Metaspace       used 126981K, capacity 130259K, committed 130512K, reserved 1163264K
  class space    used 15644K, capacity 16931K, committed 17024K, reserved 1048576K
}
Event: 1734.526 GC heap before
{Heap before GC invocations=78 (full 0):
 garbage-first heap   total 165888K, used 128310K [0x0000000080000000, 0x0000000100000000)
  region size 1024K, 32 young (32768K), 4 survivors (4096K)
 Metaspace       used 127042K, capacity 130327K, committed 130512K, reserved 1163264K
  class space    used 15644K, capacity 16931K, committed 17024K, reserved 1048576K
}
Event: 1734.561 GC heap after
{Heap after GC invocations=79 (full 0):
 garbage-first heap   total 165888K, used 108280K [0x0000000080000000, 0x0000000100000000)
  region size 1024K, 4 young (4096K), 4 survivors (4096K)
 Metaspace       used 127042K, capacity 130327K, committed 130512K, reserved 1163264K
  class space    used 15644K, capacity 16931K, committed 17024K, reserved 1048576K
}
Event: 1734.624 GC heap before
{Heap before GC invocations=79 (full 0):
 garbage-first heap   total 165888K, used 112376K [0x0000000080000000, 0x0000000100000000)
  region size 1024K, 8 young (8192K), 4 survivors (4096K)
 Metaspace       used 127056K, capacity 130327K, committed 130512K, reserved 1163264K
  class space    used 15644K, capacity 16931K, committed 17024K, reserved 1048576K
}
Event: 1734.672 GC heap after
{Heap after GC invocations=80 (full 0):
 garbage-first heap   total 165888K, used 103424K [0x0000000080000000, 0x0000000100000000)
  region size 1024K, 1 young (1024K), 1 survivors (1024K)
 Metaspace       used 127056K, capacity 130327K, committed 130512K, reserved 1163264K
  class space    used 15644K, capacity 16931K, committed 17024K, reserved 1048576K
}
Event: 1735.382 GC heap before
{Heap before GC invocations=80 (full 0):
 garbage-first heap   total 165888K, used 128000K [0x0000000080000000, 0x0000000100000000)
  region size 1024K, 26 young (26624K), 1 survivors (1024K)
 Metaspace       used 127173K, capacity 130456K, committed 130768K, reserved 1163264K
  class space    used 15644K, capacity 16931K, committed 17024K, reserved 1048576K
}
Event: 1735.395 GC heap after
{Heap after GC invocations=81 (full 0):
 garbage-first heap   total 165888K, used 104589K [0x0000000080000000, 0x0000000100000000)
  region size 1024K, 3 young (3072K), 3 survivors (3072K)
 Metaspace       used 127173K, capacity 130456K, committed 130768K, reserved 1163264K
  class space    used 15644K, capacity 16931K, committed 17024K, reserved 1048576K
}
Event: 1993.769 GC heap before
{Heap before GC invocations=82 (full 0):
 garbage-first heap   total 165888K, used 138381K [0x0000000080000000, 0x0000000100000000)
  region size 1024K, 29 young (29696K), 3 survivors (3072K)
 Metaspace       used 127319K, capacity 130601K, committed 130768K, reserved 1163264K
  class space    used 15647K, capacity 16935K, committed 17024K, reserved 1048576K
}
Event: 1993.847 GC heap after
{Heap after GC invocations=83 (full 0):
 garbage-first heap   total 165888K, used 104165K [0x0000000080000000, 0x0000000100000000)
  region size 1024K, 2 young (2048K), 2 survivors (2048K)
 Metaspace       used 127319K, capacity 130601K, committed 130768K, reserved 1163264K
  class space    used 15647K, capacity 16935K, committed 17024K, reserved 1048576K
}
Event: 2297.764 GC heap before
{Heap before GC invocations=83 (full 0):
 garbage-first heap   total 165888K, used 110309K [0x0000000080000000, 0x0000000100000000)
  region size 1024K, 8 young (8192K), 2 survivors (2048K)
 Metaspace       used 127319K, capacity 130601K, committed 130768K, reserved 1163264K
  class space    used 15647K, capacity 16935K, committed 17024K, reserved 1048576K
}
Event: 2297.801 GC heap after
{Heap after GC invocations=84 (full 0):
 garbage-first heap   total 165888K, used 98620K [0x0000000080000000, 0x0000000100000000)
  region size 1024K, 1 young (1024K), 1 survivors (1024K)
 Metaspace       used 127319K, capacity 130601K, committed 130768K, reserved 1163264K
  class space    used 15647K, capacity 16935K, committed 17024K, reserved 1048576K
}
Event: 3937.299 GC heap before
{Heap before GC invocations=84 (full 0):
 garbage-first heap   total 165888K, used 129340K [0x0000000080000000, 0x0000000100000000)
  region size 1024K, 31 young (31744K), 1 survivors (1024K)
 Metaspace       used 127348K, capacity 130601K, committed 130768K, reserved 1163264K
  class space    used 15647K, capacity 16935K, committed 17024K, reserved 1048576K
}
Event: 3937.308 GC heap after
{Heap after GC invocations=85 (full 0):
 garbage-first heap   total 165888K, used 98537K [0x0000000080000000, 0x0000000100000000)
  region size 1024K, 1 young (1024K), 1 survivors (1024K)
 Metaspace       used 127348K, capacity 130601K, committed 130768K, reserved 1163264K
  class space    used 15647K, capacity 16935K, committed 17024K, reserved 1048576K
}
Event: 5660.775 GC heap before
{Heap before GC invocations=86 (full 0):
 garbage-first heap   total 165888K, used 128233K [0x0000000080000000, 0x0000000100000000)
  region size 1024K, 33 young (33792K), 1 survivors (1024K)
 Metaspace       used 126690K, capacity 129566K, committed 130768K, reserved 1163264K
  class space    used 15512K, capacity 16681K, committed 17024K, reserved 1048576K
}
Event: 5660.854 GC heap after
{Heap after GC invocations=87 (full 0):
 garbage-first heap   total 165888K, used 95435K [0x0000000080000000, 0x0000000100000000)
  region size 1024K, 1 young (1024K), 1 survivors (1024K)
 Metaspace       used 126690K, capacity 129566K, committed 130768K, reserved 1163264K
  class space    used 15512K, capacity 16681K, committed 17024K, reserved 1048576K
}
Event: 5937.544 GC heap before
{Heap before GC invocations=87 (full 0):
 garbage-first heap   total 165888K, used 102603K [0x0000000080000000, 0x0000000100000000)
  region size 1024K, 8 young (8192K), 1 survivors (1024K)
 Metaspace       used 126702K, capacity 129576K, committed 130768K, reserved 1163264K
  class space    used 15513K, capacity 16683K, committed 17024K, reserved 1048576K
}
Event: 5937.691 GC heap after
{Heap after GC invocations=88 (full 0):
 garbage-first heap   total 165888K, used 84537K [0x0000000080000000, 0x0000000100000000)
  region size 1024K, 1 young (1024K), 1 survivors (1024K)
 Metaspace       used 126702K, capacity 129576K, committed 130768K, reserved 1163264K
  class space    used 15513K, capacity 16683K, committed 17024K, reserved 1048576K
}
Event: 5938.169 GC heap before
{Heap before GC invocations=88 (full 0):
 garbage-first heap   total 165888K, used 90681K [0x0000000080000000, 0x0000000100000000)
  region size 1024K, 8 young (8192K), 1 survivors (1024K)
 Metaspace       used 126832K, capacity 129783K, committed 130768K, reserved 1163264K
  class space    used 15535K, capacity 16723K, committed 17024K, reserved 1048576K
}

Deoptimization events (20 events):
Event: 5937.715 Thread 0x000001ab6542d800 Uncommon trap: trap_request=0xffffff4d fr.pc=0x000001ab4a83d948 relative=0x0000000000003868
Event: 5937.716 Thread 0x000001ab6542d800 Uncommon trap: reason=unstable_if action=reinterpret pc=0x000001ab4a83d948 method=java.lang.ref.SoftReference.get()Ljava/lang/Object; @ 6 c2
Event: 5937.716 Thread 0x000001ab6542d800 DEOPT PACKING pc=0x000001ab4a83d948 sp=0x00000030f7bf9740
Event: 5937.717 Thread 0x000001ab6542d800 DEOPT UNPACKING pc=0x000001ab42b3a1a9 sp=0x00000030f7bf9418 mode 2
Event: 5937.816 Thread 0x000001ab6542d800 Uncommon trap: trap_request=0xffffff4d fr.pc=0x000001ab4a92507c relative=0x000000000000161c
Event: 5937.816 Thread 0x000001ab6542d800 Uncommon trap: reason=unstable_if action=reinterpret pc=0x000001ab4a92507c method=java.lang.ref.SoftReference.get()Ljava/lang/Object; @ 6 c2
Event: 5937.816 Thread 0x000001ab6542d800 DEOPT PACKING pc=0x000001ab4a92507c sp=0x00000030f7bf9f40
Event: 5937.816 Thread 0x000001ab6542d800 DEOPT UNPACKING pc=0x000001ab42b3a1a9 sp=0x00000030f7bf9cf8 mode 2
Event: 5937.852 Thread 0x000001ab65428800 Uncommon trap: trap_request=0xffffff4d fr.pc=0x000001ab4ae09fe0 relative=0x0000000000002320
Event: 5937.852 Thread 0x000001ab65428800 Uncommon trap: reason=unstable_if action=reinterpret pc=0x000001ab4ae09fe0 method=java.lang.ref.SoftReference.get()Ljava/lang/Object; @ 6 c2
Event: 5937.853 Thread 0x000001ab65428800 DEOPT PACKING pc=0x000001ab4ae09fe0 sp=0x00000030f7efe850
Event: 5937.853 Thread 0x000001ab65428800 DEOPT UNPACKING pc=0x000001ab42b3a1a9 sp=0x00000030f7efe7b8 mode 2
Event: 5937.854 Thread 0x000001ab65428800 Uncommon trap: trap_request=0xffffff4d fr.pc=0x000001ab4abb1b58 relative=0x0000000000000818
Event: 5937.854 Thread 0x000001ab65428800 Uncommon trap: reason=unstable_if action=reinterpret pc=0x000001ab4abb1b58 method=java.util.concurrent.ConcurrentHashMap.replaceNode(Ljava/lang/Object;Ljava/lang/Object;Ljava/lang/Object;)Ljava/lang/Object; @ 136 c2
Event: 5937.854 Thread 0x000001ab65428800 DEOPT PACKING pc=0x000001ab4abb1b58 sp=0x00000030f7efe720
Event: 5937.856 Thread 0x000001ab65428800 DEOPT UNPACKING pc=0x000001ab42b3a1a9 sp=0x00000030f7efe6a8 mode 2
Event: 5937.873 Thread 0x000001ab65428800 Uncommon trap: trap_request=0xffffffd6 fr.pc=0x000001ab4af572c0 relative=0x00000000000008e0
Event: 5937.873 Thread 0x000001ab65428800 Uncommon trap: reason=array_check action=maybe_recompile pc=0x000001ab4af572c0 method=java.util.ComparableTimSort.binarySort([Ljava/lang/Object;III)V @ 183 c2
Event: 5937.873 Thread 0x000001ab65428800 DEOPT PACKING pc=0x000001ab4af572c0 sp=0x00000030f7efc9e0
Event: 5937.873 Thread 0x000001ab65428800 DEOPT UNPACKING pc=0x000001ab42b3a1a9 sp=0x00000030f7efc980 mode 2

Classes redefined (0 events):
No events

Internal exceptions (20 events):
Event: 1734.697 Thread 0x000001ab5c408800 Exception <a 'sun/nio/fs/WindowsException'{0x000000008a0a5450}> (0x000000008a0a5450) thrown at [./src/hotspot/share/prims/jni.cpp, line 616]
Event: 1734.774 Thread 0x000001ab5c408800 Exception <a 'sun/nio/fs/WindowsException'{0x0000000089c06720}> (0x0000000089c06720) thrown at [./src/hotspot/share/prims/jni.cpp, line 616]
Event: 1734.806 Thread 0x000001ab5c408800 Exception <a 'sun/nio/fs/WindowsException'{0x0000000089ca43e8}> (0x0000000089ca43e8) thrown at [./src/hotspot/share/prims/jni.cpp, line 616]
Event: 1735.213 Thread 0x000001ab65428800 Exception <a 'sun/nio/fs/WindowsException'{0x00000000894a3c78}> (0x00000000894a3c78) thrown at [./src/hotspot/share/prims/jni.cpp, line 616]
Event: 1735.957 Thread 0x000001ab65428800 Exception <a 'sun/nio/fs/WindowsException'{0x0000000089acaf88}> (0x0000000089acaf88) thrown at [./src/hotspot/share/prims/jni.cpp, line 616]
Event: 1736.447 Thread 0x000001ab65428800 Exception <a 'sun/nio/fs/WindowsException'{0x00000000898b2a80}> (0x00000000898b2a80) thrown at [./src/hotspot/share/prims/jni.cpp, line 616]
Event: 1736.477 Thread 0x000001ab65428800 Exception <a 'sun/nio/fs/WindowsException'{0x00000000897b45e8}> (0x00000000897b45e8) thrown at [./src/hotspot/share/prims/jni.cpp, line 616]
Event: 1736.872 Thread 0x000001ab6542f000 Exception <a 'sun/nio/fs/WindowsException'{0x0000000088e01078}> (0x0000000088e01078) thrown at [./src/hotspot/share/prims/jni.cpp, line 616]
Event: 1736.874 Thread 0x000001ab5ba6a800 Exception <a 'sun/nio/fs/WindowsException'{0x0000000088e06e78}> (0x0000000088e06e78) thrown at [./src/hotspot/share/prims/jni.cpp, line 616]
Event: 1736.874 Thread 0x000001ab5ba6a800 Exception <a 'sun/nio/fs/WindowsException'{0x0000000088e06ef8}> (0x0000000088e06ef8) thrown at [./src/hotspot/share/prims/jni.cpp, line 616]
Event: 1736.874 Thread 0x000001ab5ba6a800 Exception <a 'sun/nio/fs/WindowsException'{0x0000000088e08810}> (0x0000000088e08810) thrown at [./src/hotspot/share/prims/jni.cpp, line 616]
Event: 5937.178 Thread 0x000001ab6542c000 Implicit null exception at 0x000001ab4a78bce4 to 0x000001ab4a78c564
Event: 5937.852 Thread 0x000001ab65428800 Implicit null exception at 0x000001ab4ae082cf to 0x000001ab4ae09fc4
Event: 5937.870 Thread 0x000001ab65428800 Exception <a 'java/lang/NoSuchMethodError'{0x0000000089da0530}: <clinit>> (0x0000000089da0530) thrown at [./src/hotspot/share/prims/jni.cpp, line 1366]
Event: 5937.872 Thread 0x000001ab65428800 Exception <a 'java/lang/NoSuchMethodError'{0x0000000089da1c28}: <clinit>> (0x0000000089da1c28) thrown at [./src/hotspot/share/prims/jni.cpp, line 1366]
Event: 5937.878 Thread 0x000001ab65428800 Exception <a 'java/lang/NoSuchMethodError'{0x0000000089db7a68}: <clinit>> (0x0000000089db7a68) thrown at [./src/hotspot/share/prims/jni.cpp, line 1366]
Event: 5937.879 Thread 0x000001ab65428800 Exception <a 'java/lang/NoSuchMethodError'{0x0000000089dba040}: <clinit>> (0x0000000089dba040) thrown at [./src/hotspot/share/prims/jni.cpp, line 1366]
Event: 5937.883 Thread 0x000001ab65428800 Exception <a 'java/lang/NoSuchMethodError'{0x0000000089dca870}: <clinit>> (0x0000000089dca870) thrown at [./src/hotspot/share/prims/jni.cpp, line 1366]
Event: 5938.018 Thread 0x000001ab6542d800 Exception <a 'java/lang/NoSuchMethodError'{0x0000000089b38d00}: 'java.lang.Object java.lang.invoke.DelegatingMethodHandle$Holder.reinvoke_L(java.lang.Object, java.lang.Object, java.lang.Object, java.lang.Object, java.lang.Object, java.lang.Object, java.lang.Object, java.lang.Object, java.lang.Object, java.lang.Object, java.lang.Object, java.lang.Object, java.lang.Object, java.lang.Object, java.lang.Object, java.lang.Object, java.lang.Object, java.lang.Object, java.lang.Object, java.lang.Object, java.lang.O
Event: 5938.145 Thread 0x000001ab6542d800 Exception <a 'java/lang/NoSuchMethodError'{0x0000000089b9ec08}: 'java.lang.Object java.lang.invoke.DelegatingMethodHandle$Holder.reinvoke_L(java.lang.Object, java.lang.Object, java.lang.Object, java.lang.Object, java.lang.Object, java.lang.Object, java.lang.Object, java.lang.Object, java.lang.Object, java.lang.Object, java.lang.Object, java.lang.Object, java.lang.Object, java.lang.Object, java.lang.Object, java.lang.Object, java.lang.Object, java.lang.Object, java.lang.Object, java.lang.Object)'> (0x000000

Events (20 events):
Event: 5937.773 loading class groovy/runtime/metaclass/org/gradle/api/internal/provider/DefaultPropertyMetaClass done
Event: 5937.807 loading class groovy/runtime/metaclass/settings_4alif13bl5jzoy6ibubeiyqy9$_run_closure1$_closure2MetaClass
Event: 5937.807 loading class groovy/runtime/metaclass/settings_4alif13bl5jzoy6ibubeiyqy9$_run_closure1$_closure2MetaClass done
Event: 5937.810 loading class groovy/runtime/metaclass/org/gradle/initialization/DefaultProjectDescriptorMetaClass
Event: 5937.810 loading class groovy/runtime/metaclass/org/gradle/initialization/DefaultProjectDescriptorMetaClass done
Event: 5937.816 Executing VM operation: RevokeBias
Event: 5937.816 Executing VM operation: RevokeBias done
Event: 5937.824 Thread 0x000001ab65433000 Thread added: 0x000001ab65433000
Event: 5937.907 loading class groovy/runtime/metaclass/build_663q8pcv5we8rdkpbn81esaa3MetaClass
Event: 5937.907 loading class groovy/runtime/metaclass/build_663q8pcv5we8rdkpbn81esaa3MetaClass done
Event: 5937.915 loading class groovy/runtime/metaclass/build_663q8pcv5we8rdkpbn81esaa3$_run_closure1MetaClass
Event: 5937.915 loading class groovy/runtime/metaclass/build_663q8pcv5we8rdkpbn81esaa3$_run_closure1MetaClass done
Event: 5937.925 loading class groovy/runtime/metaclass/org/gradle/plugin/use/internal/PluginRequestCollector$PluginDependenciesSpecImplMetaClass
Event: 5937.925 loading class groovy/runtime/metaclass/org/gradle/plugin/use/internal/PluginRequestCollector$PluginDependenciesSpecImplMetaClass done
Event: 5937.929 loading class groovy/runtime/metaclass/org/gradle/plugin/use/internal/PluginRequestCollector$PluginDependencySpecImplMetaClass
Event: 5937.929 loading class groovy/runtime/metaclass/org/gradle/plugin/use/internal/PluginRequestCollector$PluginDependencySpecImplMetaClass done
Event: 5938.004 Thread 0x000001ab65430800 Thread added: 0x000001ab65430800
Event: 5938.023 Executing VM operation: RevokeBias
Event: 5938.025 Executing VM operation: RevokeBias done
Event: 5938.167 Executing VM operation: G1CollectForAllocation


Dynamic libraries:
0x00007ff744de0000 - 0x00007ff744dea000 	C:\Program Files\Android\Android Studio\jre\bin\java.exe
0x00007ffd9b7d0000 - 0x00007ffd9b9c5000 	C:\WINDOWS\SYSTEM32\ntdll.dll
0x00007ffd9ad60000 - 0x00007ffd9ae1e000 	C:\WINDOWS\System32\KERNEL32.DLL
0x00007ffd99040000 - 0x00007ffd99308000 	C:\WINDOWS\System32\KERNELBASE.dll
0x00007ffd993b0000 - 0x00007ffd994b0000 	C:\WINDOWS\System32\ucrtbase.dll
0x00007ffd7c8b0000 - 0x00007ffd7c8c9000 	C:\Program Files\Android\Android Studio\jre\bin\jli.dll
0x00007ffd9b3c0000 - 0x00007ffd9b560000 	C:\WINDOWS\System32\USER32.dll
0x00007ffd98ee0000 - 0x00007ffd98f02000 	C:\WINDOWS\System32\win32u.dll
0x00007ffd9ae20000 - 0x00007ffd9ae4b000 	C:\WINDOWS\System32\GDI32.dll
0x00007ffd99610000 - 0x00007ffd9971d000 	C:\WINDOWS\System32\gdi32full.dll
0x00007ffd99310000 - 0x00007ffd993ad000 	C:\WINDOWS\System32\msvcp_win.dll
0x00007ffd8e7c0000 - 0x00007ffd8ea5a000 	C:\WINDOWS\WinSxS\amd64_microsoft.windows.common-controls_6595b64144ccf1df_6.0.19041.1110_none_60b5254171f9507e\COMCTL32.dll
0x00007ffd99820000 - 0x00007ffd998be000 	C:\WINDOWS\System32\msvcrt.dll
0x00007ffd7c110000 - 0x00007ffd7c127000 	C:\Program Files\Android\Android Studio\jre\bin\VCRUNTIME140.dll
0x00007ffd9aad0000 - 0x00007ffd9ab00000 	C:\WINDOWS\System32\IMM32.DLL
0x00007ffd68570000 - 0x00007ffd6860d000 	C:\Program Files\Android\Android Studio\jre\bin\msvcp140.dll
0x00007ffd448c0000 - 0x00007ffd453c2000 	C:\Program Files\Android\Android Studio\jre\bin\server\jvm.dll
0x00007ffd99d20000 - 0x00007ffd99dce000 	C:\WINDOWS\System32\ADVAPI32.dll
0x00007ffd9b6f0000 - 0x00007ffd9b78c000 	C:\WINDOWS\System32\sechost.dll
0x00007ffd9ac30000 - 0x00007ffd9ad55000 	C:\WINDOWS\System32\RPCRT4.dll
0x00007ffd998d0000 - 0x00007ffd998d8000 	C:\WINDOWS\System32\PSAPI.DLL
0x00007ffd8d4e0000 - 0x00007ffd8d4e9000 	C:\WINDOWS\SYSTEM32\WSOCK32.dll
0x00007ffd99e40000 - 0x00007ffd99eab000 	C:\WINDOWS\System32\WS2_32.dll
0x00007ffd8e3d0000 - 0x00007ffd8e3f7000 	C:\WINDOWS\SYSTEM32\WINMM.dll
0x00007ffd8cd30000 - 0x00007ffd8cd3a000 	C:\WINDOWS\SYSTEM32\VERSION.dll
0x00007ffd97130000 - 0x00007ffd97142000 	C:\WINDOWS\SYSTEM32\kernel.appcore.dll
0x00007ffd96010000 - 0x00007ffd96021000 	C:\Program Files\Android\Android Studio\jre\bin\verify.dll
0x00007ffd986e0000 - 0x00007ffd988c4000 	C:\WINDOWS\SYSTEM32\DBGHELP.DLL
0x00007ffd98630000 - 0x00007ffd9865c000 	C:\WINDOWS\SYSTEM32\dbgcore.DLL
0x00007ffd98fb0000 - 0x00007ffd99032000 	C:\WINDOWS\System32\bcryptPrimitives.dll
0x00007ffd891a0000 - 0x00007ffd891c9000 	C:\Program Files\Android\Android Studio\jre\bin\java.dll
0x00007ffd93490000 - 0x00007ffd9349b000 	C:\Program Files\Android\Android Studio\jre\bin\jimage.dll
0x00007ffd91ab0000 - 0x00007ffd91ac8000 	C:\Program Files\Android\Android Studio\jre\bin\zip.dll
0x00007ffd9a2d0000 - 0x00007ffd9aa14000 	C:\WINDOWS\System32\SHELL32.dll
0x00007ffd96890000 - 0x00007ffd97024000 	C:\WINDOWS\SYSTEM32\windows.storage.dll
0x00007ffd998e0000 - 0x00007ffd99c35000 	C:\WINDOWS\System32\combase.dll
0x00007ffd981e0000 - 0x00007ffd9820e000 	C:\WINDOWS\SYSTEM32\Wldp.dll
0x00007ffd9b640000 - 0x00007ffd9b6ed000 	C:\WINDOWS\System32\SHCORE.dll
0x00007ffd9a270000 - 0x00007ffd9a2c5000 	C:\WINDOWS\System32\shlwapi.dll
0x00007ffd98e20000 - 0x00007ffd98e3f000 	C:\WINDOWS\SYSTEM32\profapi.dll
0x00007ffd897f0000 - 0x00007ffd8980a000 	C:\Program Files\Android\Android Studio\jre\bin\net.dll
0x00007ffd8d690000 - 0x00007ffd8d79c000 	C:\WINDOWS\SYSTEM32\WINHTTP.dll
0x00007ffd97f30000 - 0x00007ffd97f9a000 	C:\WINDOWS\system32\mswsock.dll
0x00007ffd89180000 - 0x00007ffd89194000 	C:\Program Files\Android\Android Studio\jre\bin\nio.dll
0x00007ffd7c8d0000 - 0x00007ffd7c8f7000 	C:\Users\Family\.gradle\native\e1d6ef7f7dcc3fd88c89a11ec53ec762bb8ba0a96d01ffa2cd45eb1d1d8dd5c5\windows-amd64\native-platform.dll
0x00007ffd68420000 - 0x00007ffd68564000 	C:\Users\Family\.gradle\native\0d407fdbe67a94daf76414ababcb853783967236a71b16ec16e742cd7a986fd3\windows-amd64\native-platform-file-events.dll
0x00007ffd925c0000 - 0x00007ffd925ca000 	C:\Program Files\Android\Android Studio\jre\bin\management.dll
0x00007ffd8e750000 - 0x00007ffd8e75d000 	C:\Program Files\Android\Android Studio\jre\bin\management_ext.dll
0x00007ffd98b90000 - 0x00007ffd98ba8000 	C:\WINDOWS\SYSTEM32\CRYPTSP.dll
0x00007ffd978e0000 - 0x00007ffd97914000 	C:\WINDOWS\system32\rsaenh.dll
0x00007ffd98f80000 - 0x00007ffd98fa7000 	C:\WINDOWS\System32\bcrypt.dll
0x00007ffd98d90000 - 0x00007ffd98dbe000 	C:\WINDOWS\SYSTEM32\USERENV.dll
0x00007ffd98020000 - 0x00007ffd9802c000 	C:\WINDOWS\SYSTEM32\CRYPTBASE.dll
0x00007ffd97c30000 - 0x00007ffd97c6b000 	C:\WINDOWS\SYSTEM32\IPHLPAPI.DLL
0x00007ffd998c0000 - 0x00007ffd998c8000 	C:\WINDOWS\System32\NSI.dll
0x00007ffd92140000 - 0x00007ffd92157000 	C:\WINDOWS\SYSTEM32\dhcpcsvc6.DLL
0x00007ffd920b0000 - 0x00007ffd920cd000 	C:\WINDOWS\SYSTEM32\dhcpcsvc.DLL
0x00007ffd97c70000 - 0x00007ffd97d3b000 	C:\WINDOWS\SYSTEM32\DNSAPI.dll
0x00007ffd7ca30000 - 0x00007ffd7ca57000 	C:\Program Files\Android\Android Studio\jre\bin\sunec.dll
0x00007ffd98b50000 - 0x00007ffd98b83000 	C:\WINDOWS\SYSTEM32\ntmarta.dll

dbghelp: loaded successfully - version: 4.0.5 - missing functions: none
symbol engine: initialized successfully - sym options: 0x614 - pdb path: .;C:\Program Files\Android\Android Studio\jre\bin;C:\WINDOWS\SYSTEM32;C:\WINDOWS\WinSxS\amd64_microsoft.windows.common-controls_6595b64144ccf1df_6.0.19041.1110_none_60b5254171f9507e;C:\Program Files\Android\Android Studio\jre\bin\server;C:\Users\Family\.gradle\native\e1d6ef7f7dcc3fd88c89a11ec53ec762bb8ba0a96d01ffa2cd45eb1d1d8dd5c5\windows-amd64;C:\Users\Family\.gradle\native\0d407fdbe67a94daf76414ababcb853783967236a71b16ec16e742cd7a986fd3\windows-amd64

VM Arguments:
jvm_args: --add-opens=java.base/java.util=ALL-UNNAMED --add-opens=java.base/java.lang=ALL-UNNAMED --add-opens=java.base/java.lang.invoke=ALL-UNNAMED --add-opens=java.base/java.util=ALL-UNNAMED --add-opens=java.prefs/java.util.prefs=ALL-UNNAMED --add-opens=java.prefs/java.util.prefs=ALL-UNNAMED --add-opens=java.base/java.nio.charset=ALL-UNNAMED --add-opens=java.base/java.net=ALL-UNNAMED --add-opens=java.base/java.util.concurrent.atomic=ALL-UNNAMED -Xmx2048m -Dfile.encoding=UTF-8 -Duser.country=RU -Duser.language=ru -Duser.variant 
java_command: org.gradle.launcher.daemon.bootstrap.GradleDaemon 7.4
java_class_path (initial): C:\Users\Family\.gradle\wrapper\dists\gradle-7.4-bin\c0gwcg53nkjbqw7r0h0umtfvt\gradle-7.4\lib\gradle-launcher-7.4.jar
Launcher Type: SUN_STANDARD

[Global flags]
     intx CICompilerCount                          = 2                                         {product} {ergonomic}
     uint ConcGCThreads                            = 1                                         {product} {ergonomic}
     uint G1ConcRefinementThreads                  = 2                                         {product} {ergonomic}
   size_t G1HeapRegionSize                         = 1048576                                   {product} {ergonomic}
    uintx GCDrainStackTargetSize                   = 64                                        {product} {ergonomic}
   size_t InitialHeapSize                          = 67108864                                  {product} {ergonomic}
   size_t MarkStackSize                            = 4194304                                   {product} {ergonomic}
   size_t MaxHeapSize                              = 2147483648                                {product} {command line}
   size_t MaxNewSize                               = 1287651328                                {product} {ergonomic}
   size_t MinHeapDeltaBytes                        = 1048576                                   {product} {ergonomic}
    uintx NonNMethodCodeHeapSize                   = 5825164                                {pd product} {ergonomic}
    uintx NonProfiledCodeHeapSize                  = 122916538                              {pd product} {ergonomic}
    uintx ProfiledCodeHeapSize                     = 122916538                              {pd product} {ergonomic}
    uintx ReservedCodeCacheSize                    = 251658240                              {pd product} {ergonomic}
     bool SegmentedCodeCache                       = true                                      {product} {ergonomic}
     bool UseCompressedClassPointers               = true                                 {lp64_product} {ergonomic}
     bool UseCompressedOops                        = true                                 {lp64_product} {ergonomic}
     bool UseG1GC                                  = true                                      {product} {ergonomic}
     bool UseLargePagesIndividualAllocation        = false                                  {pd product} {ergonomic}

Logging:
Log output configuration:
 #0: stdout all=warning uptime,level,tags
 #1: stderr all=off uptime,level,tags

Environment Variables:
PATH=C:\Program Files\Common Files\Oracle\Java\javapath;C:\Program Files (x86)\Common Files\Oracle\Java\javapath;C:\WINDOWS\system32;C:\WINDOWS;C:\WINDOWS\System32\Wbem;C:\WINDOWS\System32\WindowsPowerShell\v1.0\;C:\WINDOWS\System32\OpenSSH\;C:\Users\Family\AppData\Local\Programs\Python\Python38-32\Scripts\;C:\Users\Family\AppData\Local\Programs\Python\Python38-32\;C:\Users\Family\AppData\Local\Microsoft\WindowsApps;;C:\Program Files\JetBrains\IntelliJ IDEA 2021.2.3\bin;
USERNAME=Family
OS=Windows_NT
PROCESSOR_IDENTIFIER=Intel64 Family 6 Model 42 Stepping 7, GenuineIntel



---------------  S Y S T E M  ---------------

OS: Windows 10 , 64 bit Build 19041 (10.0.19041.1503)
OS uptime: 1 days 23:22 hours

CPU:total 2 (initial active 2) (2 cores per cpu, 1 threads per core) family 6 model 42 stepping 7 microcode 0x2f, cmov, cx8, fxsr, mmx, sse, sse2, sse3, ssse3, sse4.1, sse4.2, popcnt, clmul, tsc, tscinvbit

Memory: 4k page, system-wide physical 4000M (445M free)
TotalPageFile size 9120M (AvailPageFile size 2464M)
current process WorkingSet (physical memory assigned to process): 224M, peak: 467M
current process commit charge ("private bytes"): 501M, peak: 516M

vm_info: OpenJDK 64-Bit Server VM (11.0.13+0-b1751.21-8125866) for windows-amd64 JRE (11.0.13+0-b1751.21-8125866), built on Feb  2 2022 03:00:22 by "builder" with MS VC++ 14.0 (VS2015)

END.
